This file contains any messages produced by compilers while
running configure, to aid debugging if configure makes a mistake.

It was created by urg configure 0.8.18, which was
generated by GNU Autoconf 2.68.  Invocation command line was

  $ ./configure --prefix=/home/fit-pc/grit/libs

## --------- ##
## Platform. ##
## --------- ##

hostname = fitpc
uname -m = x86_64
uname -r = 3.2.0-55-generic
uname -s = Linux
uname -v = #85-Ubuntu SMP Wed Oct 2 12:29:27 UTC 2013

/usr/bin/uname -p = unknown
/bin/uname -X     = unknown

/bin/arch              = unknown
/usr/bin/arch -k       = unknown
/usr/convex/getsysinfo = unknown
/usr/bin/hostinfo      = unknown
/bin/machine           = unknown
/usr/bin/oslevel       = unknown
/bin/universe          = unknown

PATH: /home/fit-pc/grit/centaur/webcamPublisher/bin
PATH: /home/fit-pc/grit/centaur/servos/bin
PATH: /home/fit-pc/grit/centaur/sensors/bin
PATH: /home/fit-pc/grit/centaur/safetyProvider/bin
PATH: /home/fit-pc/grit/centaur/proxyservos/bin
PATH: /home/fit-pc/grit/centaur/proxysensors/bin
PATH: /home/fit-pc/grit/centaur/LidarProvider/bin
PATH: /home/fit-pc/grit/centaur/heartBeatProvider/bin
PATH: /home/fit-pc/grit/centaur/body/bin
PATH: /home/fit-pc/grit/centaur/LidarProvider/bin
PATH: /home/fit-pc/grit/centaur/body/bin
PATH: /home/fit-pc/grit/centaur/heartBeatProvider/bin
PATH: /home/fit-pc/grit/centaur/proxysensors/bin
PATH: /home/fit-pc/grit/centaur/proxyservos/bin
PATH: /home/fit-pc/grit/centaur/safetyProvider/bin
PATH: /home/fit-pc/grit/centaur/sensors/bin
PATH: /home/fit-pc/grit/centaur/servos/bin
PATH: /home/fit-pc/grit/centaur/webcamPublisher/bin
PATH: /home/fit-pc/grit/centaur/LidarProvider/bin
PATH: /home/fit-pc/grit/centaur/body/bin
PATH: /home/fit-pc/grit/centaur/heartBeatProvider/bin
PATH: /home/fit-pc/grit/centaur/proxysensors/bin
PATH: /home/fit-pc/grit/centaur/proxyservos/bin
PATH: /home/fit-pc/grit/centaur/safetyProvider/bin
PATH: /home/fit-pc/grit/centaur/sensors/bin
PATH: /home/fit-pc/grit/centaur/servos/bin
PATH: /home/fit-pc/grit/centaur/webcamPublisher/bin
PATH: /home/fit-pc/bin
PATH: /usr/local/sbin
PATH: /usr/local/bin
PATH: /usr/sbin
PATH: /usr/bin
PATH: /sbin
PATH: /bin
PATH: /usr/games


## ----------- ##
## Core tests. ##
## ----------- ##

configure:2474: checking for a BSD-compatible install
configure:2542: result: /usr/bin/install -c
configure:2553: checking whether build environment is sane
configure:2603: result: yes
configure:2744: checking for a thread-safe mkdir -p
configure:2783: result: /bin/mkdir -p
configure:2796: checking for gawk
configure:2826: result: no
configure:2796: checking for mawk
configure:2812: found /usr/bin/mawk
configure:2823: result: mawk
configure:2834: checking whether make sets $(MAKE)
configure:2856: result: yes
configure:3018: checking for g++
configure:3034: found /usr/bin/g++
configure:3045: result: g++
configure:3072: checking for C++ compiler version
configure:3081: g++ --version >&5
g++ (Ubuntu/Linaro 4.6.3-1ubuntu5) 4.6.3
Copyright (C) 2011 Free Software Foundation, Inc.
This is free software; see the source for copying conditions.  There is NO
warranty; not even for MERCHANTABILITY or FITNESS FOR A PARTICULAR PURPOSE.

configure:3092: $? = 0
configure:3081: g++ -v >&5
Using built-in specs.
COLLECT_GCC=g++
COLLECT_LTO_WRAPPER=/usr/lib/gcc/x86_64-linux-gnu/4.6/lto-wrapper
Target: x86_64-linux-gnu
Configured with: ../src/configure -v --with-pkgversion='Ubuntu/Linaro 4.6.3-1ubuntu5' --with-bugurl=file:///usr/share/doc/gcc-4.6/README.Bugs --enable-languages=c,c++,fortran,objc,obj-c++ --prefix=/usr --program-suffix=-4.6 --enable-shared --enable-linker-build-id --with-system-zlib --libexecdir=/usr/lib --without-included-gettext --enable-threads=posix --with-gxx-include-dir=/usr/include/c++/4.6 --libdir=/usr/lib --enable-nls --with-sysroot=/ --enable-clocale=gnu --enable-libstdcxx-debug --enable-libstdcxx-time=yes --enable-gnu-unique-object --enable-plugin --enable-objc-gc --disable-werror --with-arch-32=i686 --with-tune=generic --enable-checking=release --build=x86_64-linux-gnu --host=x86_64-linux-gnu --target=x86_64-linux-gnu
Thread model: posix
gcc version 4.6.3 (Ubuntu/Linaro 4.6.3-1ubuntu5) 
configure:3092: $? = 0
configure:3081: g++ -V >&5
g++: error: unrecognized option '-V'
g++: fatal error: no input files
compilation terminated.
configure:3092: $? = 4
configure:3081: g++ -qversion >&5
g++: error: unrecognized option '-qversion'
g++: fatal error: no input files
compilation terminated.
configure:3092: $? = 4
configure:3112: checking whether the C++ compiler works
configure:3134: g++    conftest.cpp  >&5
configure:3138: $? = 0
configure:3186: result: yes
configure:3189: checking for C++ compiler default output file name
configure:3191: result: a.out
configure:3197: checking for suffix of executables
configure:3204: g++ -o conftest    conftest.cpp  >&5
configure:3208: $? = 0
configure:3230: result: 
configure:3252: checking whether we are cross compiling
configure:3260: g++ -o conftest    conftest.cpp  >&5
configure:3264: $? = 0
configure:3271: ./conftest
configure:3275: $? = 0
configure:3290: result: no
configure:3295: checking for suffix of object files
configure:3317: g++ -c   conftest.cpp >&5
configure:3321: $? = 0
configure:3342: result: o
configure:3346: checking whether we are using the GNU C++ compiler
configure:3365: g++ -c   conftest.cpp >&5
configure:3365: $? = 0
configure:3374: result: yes
configure:3383: checking whether g++ accepts -g
configure:3403: g++ -c -g  conftest.cpp >&5
configure:3403: $? = 0
configure:3444: result: yes
configure:3478: checking for style of include used by make
configure:3506: result: GNU
configure:3532: checking dependency style of g++
configure:3643: result: gcc3
configure:3706: checking for gcc
configure:3722: found /usr/bin/gcc
configure:3733: result: gcc
configure:3962: checking for C compiler version
configure:3971: gcc --version >&5
gcc (Ubuntu/Linaro 4.6.3-1ubuntu5) 4.6.3
Copyright (C) 2011 Free Software Foundation, Inc.
This is free software; see the source for copying conditions.  There is NO
warranty; not even for MERCHANTABILITY or FITNESS FOR A PARTICULAR PURPOSE.

configure:3982: $? = 0
configure:3971: gcc -v >&5
Using built-in specs.
COLLECT_GCC=gcc
COLLECT_LTO_WRAPPER=/usr/lib/gcc/x86_64-linux-gnu/4.6/lto-wrapper
Target: x86_64-linux-gnu
Configured with: ../src/configure -v --with-pkgversion='Ubuntu/Linaro 4.6.3-1ubuntu5' --with-bugurl=file:///usr/share/doc/gcc-4.6/README.Bugs --enable-languages=c,c++,fortran,objc,obj-c++ --prefix=/usr --program-suffix=-4.6 --enable-shared --enable-linker-build-id --with-system-zlib --libexecdir=/usr/lib --without-included-gettext --enable-threads=posix --with-gxx-include-dir=/usr/include/c++/4.6 --libdir=/usr/lib --enable-nls --with-sysroot=/ --enable-clocale=gnu --enable-libstdcxx-debug --enable-libstdcxx-time=yes --enable-gnu-unique-object --enable-plugin --enable-objc-gc --disable-werror --with-arch-32=i686 --with-tune=generic --enable-checking=release --build=x86_64-linux-gnu --host=x86_64-linux-gnu --target=x86_64-linux-gnu
Thread model: posix
gcc version 4.6.3 (Ubuntu/Linaro 4.6.3-1ubuntu5) 
configure:3982: $? = 0
configure:3971: gcc -V >&5
gcc: error: unrecognized option '-V'
gcc: fatal error: no input files
compilation terminated.
configure:3982: $? = 4
configure:3971: gcc -qversion >&5
gcc: error: unrecognized option '-qversion'
gcc: fatal error: no input files
compilation terminated.
configure:3982: $? = 4
configure:3986: checking whether we are using the GNU C compiler
configure:4005: gcc -c   conftest.c >&5
configure:4005: $? = 0
configure:4014: result: yes
configure:4023: checking whether gcc accepts -g
configure:4043: gcc -c -g  conftest.c >&5
configure:4043: $? = 0
configure:4084: result: yes
configure:4101: checking for gcc option to accept ISO C89
configure:4165: gcc  -c -g -O2  conftest.c >&5
configure:4165: $? = 0
configure:4178: result: none needed
configure:4200: checking dependency style of gcc
configure:4311: result: gcc3
configure:4355: checking build system type
configure:4369: result: x86_64-unknown-linux-gnu
configure:4389: checking host system type
configure:4402: result: x86_64-unknown-linux-gnu
configure:4443: checking how to print strings
configure:4470: result: printf
configure:4491: checking for a sed that does not truncate output
configure:4555: result: /bin/sed
configure:4573: checking for grep that handles long lines and -e
configure:4631: result: /bin/grep
configure:4636: checking for egrep
configure:4698: result: /bin/grep -E
configure:4703: checking for fgrep
configure:4765: result: /bin/grep -F
configure:4800: checking for ld used by gcc
configure:4867: result: /usr/bin/ld
configure:4874: checking if the linker (/usr/bin/ld) is GNU ld
configure:4889: result: yes
configure:4901: checking for BSD- or MS-compatible name lister (nm)
configure:4950: result: /usr/bin/nm -B
configure:5080: checking the name lister (/usr/bin/nm -B) interface
configure:5087: gcc -c -g -O2  conftest.c >&5
configure:5090: /usr/bin/nm -B "conftest.o"
configure:5093: output
0000000000000000 B some_variable
configure:5100: result: BSD nm
configure:5103: checking whether ln -s works
configure:5107: result: yes
configure:5115: checking the maximum length of command line arguments
configure:5245: result: 3458764513820540925
configure:5262: checking whether the shell understands some XSI constructs
configure:5272: result: yes
configure:5276: checking whether the shell understands "+="
configure:5282: result: yes
configure:5317: checking how to convert x86_64-unknown-linux-gnu file names to x86_64-unknown-linux-gnu format
configure:5357: result: func_convert_file_noop
configure:5364: checking how to convert x86_64-unknown-linux-gnu file names to toolchain format
configure:5384: result: func_convert_file_noop
configure:5391: checking for /usr/bin/ld option to reload object files
configure:5398: result: -r
configure:5472: checking for objdump
configure:5488: found /usr/bin/objdump
configure:5499: result: objdump
configure:5531: checking how to recognize dependent libraries
configure:5733: result: pass_all
configure:5818: checking for dlltool
configure:5848: result: no
configure:5878: checking how to associate runtime and link libraries
configure:5905: result: printf %s\n
configure:5966: checking for ar
configure:5982: found /usr/bin/ar
configure:5993: result: ar
configure:6030: checking for archiver @FILE support
configure:6047: gcc -c -g -O2  conftest.c >&5
configure:6047: $? = 0
configure:6050: ar cru libconftest.a @conftest.lst >&5
configure:6053: $? = 0
configure:6058: ar cru libconftest.a @conftest.lst >&5
ar: conftest.o: No such file or directory
configure:6061: $? = 1
configure:6073: result: @
configure:6131: checking for strip
configure:6147: found /usr/bin/strip
configure:6158: result: strip
configure:6230: checking for ranlib
configure:6246: found /usr/bin/ranlib
configure:6257: result: ranlib
configure:6359: checking command to parse /usr/bin/nm -B output from gcc object
configure:6479: gcc -c -g -O2  conftest.c >&5
configure:6482: $? = 0
configure:6486: /usr/bin/nm -B conftest.o \| sed -n -e 's/^.*[ ]\([ABCDGIRSTW][ABCDGIRSTW]*\)[ ][ ]*\([_A-Za-z][_A-Za-z0-9]*\)$/\1 \2 \2/p' | sed '/ __gnu_lto/d' \> conftest.nm
configure:6489: $? = 0
configure:6555: gcc -o conftest -g -O2   conftest.c conftstm.o >&5
configure:6558: $? = 0
configure:6596: result: ok
configure:6633: checking for sysroot
configure:6663: result: no
configure:6740: gcc -c -g -O2  conftest.c >&5
configure:6743: $? = 0
configure:6919: checking for mt
configure:6935: found /bin/mt
configure:6946: result: mt
configure:6969: checking if mt is a manifest tool
configure:6975: mt '-?'
configure:6983: result: no
configure:7625: checking how to run the C preprocessor
configure:7656: gcc -E  conftest.c
configure:7656: $? = 0
configure:7670: gcc -E  conftest.c
conftest.c:14:28: fatal error: ac_nonexistent.h: No such file or directory
compilation terminated.
configure:7670: $? = 1
configure: failed program was:
| /* confdefs.h */
| #define PACKAGE_NAME "urg"
| #define PACKAGE_TARNAME "urg"
| #define PACKAGE_VERSION "0.8.18"
| #define PACKAGE_STRING "urg 0.8.18"
| #define PACKAGE_BUGREPORT "satofumi@users.sourceforge.jp"
| #define PACKAGE_URL ""
| #define PACKAGE "urg"
| #define VERSION "0.8.18"
| #define MAJOR_VERSION "0"
| #define MINOR_VERSION "8"
| #define MICRO_VERSION "18"
| /* end confdefs.h.  */
| #include <ac_nonexistent.h>
configure:7695: result: gcc -E
configure:7715: gcc -E  conftest.c
configure:7715: $? = 0
configure:7729: gcc -E  conftest.c
conftest.c:14:28: fatal error: ac_nonexistent.h: No such file or directory
compilation terminated.
configure:7729: $? = 1
configure: failed program was:
| /* confdefs.h */
| #define PACKAGE_NAME "urg"
| #define PACKAGE_TARNAME "urg"
| #define PACKAGE_VERSION "0.8.18"
| #define PACKAGE_STRING "urg 0.8.18"
| #define PACKAGE_BUGREPORT "satofumi@users.sourceforge.jp"
| #define PACKAGE_URL ""
| #define PACKAGE "urg"
| #define VERSION "0.8.18"
| #define MAJOR_VERSION "0"
| #define MINOR_VERSION "8"
| #define MICRO_VERSION "18"
| /* end confdefs.h.  */
| #include <ac_nonexistent.h>
configure:7758: checking for ANSI C header files
configure:7778: gcc -c -g -O2  conftest.c >&5
configure:7778: $? = 0
configure:7851: gcc -o conftest -g -O2   conftest.c  >&5
configure:7851: $? = 0
configure:7851: ./conftest
configure:7851: $? = 0
configure:7862: result: yes
configure:7875: checking for sys/types.h
configure:7875: gcc -c -g -O2  conftest.c >&5
configure:7875: $? = 0
configure:7875: result: yes
configure:7875: checking for sys/stat.h
configure:7875: gcc -c -g -O2  conftest.c >&5
configure:7875: $? = 0
configure:7875: result: yes
configure:7875: checking for stdlib.h
configure:7875: gcc -c -g -O2  conftest.c >&5
configure:7875: $? = 0
configure:7875: result: yes
configure:7875: checking for string.h
configure:7875: gcc -c -g -O2  conftest.c >&5
configure:7875: $? = 0
configure:7875: result: yes
configure:7875: checking for memory.h
configure:7875: gcc -c -g -O2  conftest.c >&5
configure:7875: $? = 0
configure:7875: result: yes
configure:7875: checking for strings.h
configure:7875: gcc -c -g -O2  conftest.c >&5
configure:7875: $? = 0
configure:7875: result: yes
configure:7875: checking for inttypes.h
configure:7875: gcc -c -g -O2  conftest.c >&5
configure:7875: $? = 0
configure:7875: result: yes
configure:7875: checking for stdint.h
configure:7875: gcc -c -g -O2  conftest.c >&5
configure:7875: $? = 0
configure:7875: result: yes
configure:7875: checking for unistd.h
configure:7875: gcc -c -g -O2  conftest.c >&5
configure:7875: $? = 0
configure:7875: result: yes
configure:7889: checking for dlfcn.h
configure:7889: gcc -c -g -O2  conftest.c >&5
configure:7889: $? = 0
configure:7889: result: yes
configure:8106: checking for objdir
configure:8121: result: .libs
configure:8388: checking if gcc supports -fno-rtti -fno-exceptions
configure:8406: gcc -c -g -O2  -fno-rtti -fno-exceptions conftest.c >&5
cc1: warning: command line option '-fno-rtti' is valid for C++/ObjC++ but not for C [enabled by default]
configure:8410: $? = 0
configure:8423: result: no
configure:8750: checking for gcc option to produce PIC
configure:8757: result: -fPIC -DPIC
configure:8765: checking if gcc PIC flag -fPIC -DPIC works
configure:8783: gcc -c -g -O2  -fPIC -DPIC -DPIC conftest.c >&5
configure:8787: $? = 0
configure:8800: result: yes
configure:8829: checking if gcc static flag -static works
configure:8857: result: yes
configure:8872: checking if gcc supports -c -o file.o
configure:8893: gcc -c -g -O2  -o out/conftest2.o conftest.c >&5
configure:8897: $? = 0
configure:8919: result: yes
configure:8927: checking if gcc supports -c -o file.o
configure:8974: result: yes
configure:9007: checking whether the gcc linker (/usr/bin/ld -m elf_x86_64) supports shared libraries
configure:10160: result: yes
configure:10197: checking whether -lc should be explicitly linked in
configure:10205: gcc -c -g -O2  conftest.c >&5
configure:10208: $? = 0
configure:10223: gcc -shared  -fPIC -DPIC conftest.o  -v -Wl,-soname -Wl,conftest -o conftest 2\>\&1 \| /bin/grep  -lc  \>/dev/null 2\>\&1
configure:10226: $? = 0
configure:10240: result: no
configure:10400: checking dynamic linker characteristics
configure:10911: gcc -o conftest -g -O2   -Wl,-rpath -Wl,/foo conftest.c  >&5
configure:10911: $? = 0
configure:11133: result: GNU/Linux ld.so
configure:11240: checking how to hardcode library paths into programs
configure:11265: result: immediate
configure:11805: checking whether stripping libraries is possible
configure:11810: result: yes
configure:11845: checking if libtool supports shared libraries
configure:11847: result: yes
configure:11850: checking whether to build shared libraries
configure:11871: result: yes
configure:11874: checking whether to build static libraries
configure:11878: result: yes
configure:11901: checking how to run the C++ preprocessor
configure:11928: g++ -E  conftest.cpp
configure:11928: $? = 0
configure:11942: g++ -E  conftest.cpp
conftest.cpp:26:28: fatal error: ac_nonexistent.h: No such file or directory
compilation terminated.
configure:11942: $? = 1
configure: failed program was:
| /* confdefs.h */
| #define PACKAGE_NAME "urg"
| #define PACKAGE_TARNAME "urg"
| #define PACKAGE_VERSION "0.8.18"
| #define PACKAGE_STRING "urg 0.8.18"
| #define PACKAGE_BUGREPORT "satofumi@users.sourceforge.jp"
| #define PACKAGE_URL ""
| #define PACKAGE "urg"
| #define VERSION "0.8.18"
| #define MAJOR_VERSION "0"
| #define MINOR_VERSION "8"
| #define MICRO_VERSION "18"
| #define STDC_HEADERS 1
| #define HAVE_SYS_TYPES_H 1
| #define HAVE_SYS_STAT_H 1
| #define HAVE_STDLIB_H 1
| #define HAVE_STRING_H 1
| #define HAVE_MEMORY_H 1
| #define HAVE_STRINGS_H 1
| #define HAVE_INTTYPES_H 1
| #define HAVE_STDINT_H 1
| #define HAVE_UNISTD_H 1
| #define HAVE_DLFCN_H 1
| #define LT_OBJDIR ".libs/"
| /* end confdefs.h.  */
| #include <ac_nonexistent.h>
configure:11967: result: g++ -E
configure:11987: g++ -E  conftest.cpp
configure:11987: $? = 0
configure:12001: g++ -E  conftest.cpp
conftest.cpp:26:28: fatal error: ac_nonexistent.h: No such file or directory
compilation terminated.
configure:12001: $? = 1
configure: failed program was:
| /* confdefs.h */
| #define PACKAGE_NAME "urg"
| #define PACKAGE_TARNAME "urg"
| #define PACKAGE_VERSION "0.8.18"
| #define PACKAGE_STRING "urg 0.8.18"
| #define PACKAGE_BUGREPORT "satofumi@users.sourceforge.jp"
| #define PACKAGE_URL ""
| #define PACKAGE "urg"
| #define VERSION "0.8.18"
| #define MAJOR_VERSION "0"
| #define MINOR_VERSION "8"
| #define MICRO_VERSION "18"
| #define STDC_HEADERS 1
| #define HAVE_SYS_TYPES_H 1
| #define HAVE_SYS_STAT_H 1
| #define HAVE_STDLIB_H 1
| #define HAVE_STRING_H 1
| #define HAVE_MEMORY_H 1
| #define HAVE_STRINGS_H 1
| #define HAVE_INTTYPES_H 1
| #define HAVE_STDINT_H 1
| #define HAVE_UNISTD_H 1
| #define HAVE_DLFCN_H 1
| #define LT_OBJDIR ".libs/"
| /* end confdefs.h.  */
| #include <ac_nonexistent.h>
configure:12170: checking for ld used by g++
configure:12237: result: /usr/bin/ld -m elf_x86_64
configure:12244: checking if the linker (/usr/bin/ld -m elf_x86_64) is GNU ld
configure:12259: result: yes
configure:12314: checking whether the g++ linker (/usr/bin/ld -m elf_x86_64) supports shared libraries
configure:13319: result: yes
configure:13355: g++ -c -g -O2  conftest.cpp >&5
configure:13358: $? = 0
configure:13878: checking for g++ option to produce PIC
configure:13885: result: -fPIC -DPIC
configure:13893: checking if g++ PIC flag -fPIC -DPIC works
configure:13911: g++ -c -g -O2  -fPIC -DPIC -DPIC conftest.cpp >&5
configure:13915: $? = 0
configure:13928: result: yes
configure:13951: checking if g++ static flag -static works
configure:13979: result: yes
configure:13991: checking if g++ supports -c -o file.o
configure:14012: g++ -c -g -O2  -o out/conftest2.o conftest.cpp >&5
configure:14016: $? = 0
configure:14038: result: yes
configure:14043: checking if g++ supports -c -o file.o
configure:14090: result: yes
configure:14120: checking whether the g++ linker (/usr/bin/ld -m elf_x86_64) supports shared libraries
configure:14156: result: yes
configure:14297: checking dynamic linker characteristics
configure:14964: result: GNU/Linux ld.so
configure:15017: checking how to hardcode library paths into programs
configure:15042: result: immediate
configure:15108: checking how to run the C preprocessor
configure:15178: result: gcc -E
configure:15198: gcc -E  conftest.c
configure:15198: $? = 0
configure:15212: gcc -E  conftest.c
conftest.c:26:28: fatal error: ac_nonexistent.h: No such file or directory
compilation terminated.
configure:15212: $? = 1
configure: failed program was:
| /* confdefs.h */
| #define PACKAGE_NAME "urg"
| #define PACKAGE_TARNAME "urg"
| #define PACKAGE_VERSION "0.8.18"
| #define PACKAGE_STRING "urg 0.8.18"
| #define PACKAGE_BUGREPORT "satofumi@users.sourceforge.jp"
| #define PACKAGE_URL ""
| #define PACKAGE "urg"
| #define VERSION "0.8.18"
| #define MAJOR_VERSION "0"
| #define MINOR_VERSION "8"
| #define MICRO_VERSION "18"
| #define STDC_HEADERS 1
| #define HAVE_SYS_TYPES_H 1
| #define HAVE_SYS_STAT_H 1
| #define HAVE_STDLIB_H 1
| #define HAVE_STRING_H 1
| #define HAVE_MEMORY_H 1
| #define HAVE_STRINGS_H 1
| #define HAVE_INTTYPES_H 1
| #define HAVE_STDINT_H 1
| #define HAVE_UNISTD_H 1
| #define HAVE_DLFCN_H 1
| #define LT_OBJDIR ".libs/"
| /* end confdefs.h.  */
| #include <ac_nonexistent.h>
configure:15241: checking whether ln -s works
configure:15245: result: yes
configure:15252: checking whether make sets $(MAKE)
configure:15274: result: yes
configure:15326: checking for ranlib
configure:15353: result: ranlib
configure:15421: checking for sdl-config
configure:15439: found /usr/bin/sdl-config
configure:15452: result: /usr/bin/sdl-config
configure:15461: checking for SDL - version >= 1.2.4
configure:15548: gcc -o conftest -g -O2 -I/usr/include/SDL -D_GNU_SOURCE=1 -D_REENTRANT   conftest.c  -L/usr/lib/x86_64-linux-gnu -lSDL >&5
configure:15548: $? = 0
configure:15548: ./conftest
configure:15548: $? = 0
configure:15563: result: yes
configure:15638: checking for SDLNet_Init in -lSDL_net
configure:15663: gcc -o conftest -g -O2   conftest.c -lSDL_net   -L/usr/lib/x86_64-linux-gnu -lSDL >&5
configure:15663: $? = 0
configure:15672: result: yes
configure:15686: checking for cos in -lm
configure:15711: gcc -o conftest -g -O2   conftest.c -lm   -L/usr/lib/x86_64-linux-gnu -lSDL -lSDL_net >&5
conftest.c:35:6: warning: conflicting types for built-in function 'cos' [enabled by default]
configure:15711: $? = 0
configure:15720: result: yes
configure:15745: checking for dirent.h that defines DIR
configure:15764: gcc -c -g -O2  conftest.c >&5
configure:15764: $? = 0
configure:15772: result: yes
configure:15785: checking for library containing opendir
configure:15816: gcc -o conftest -g -O2   conftest.c  -L/usr/lib/x86_64-linux-gnu -lSDL -lSDL_net -lm >&5
configure:15816: $? = 0
configure:15833: result: none required
configure:15900: checking for ANSI C header files
configure:16004: result: yes
configure:16015: checking fcntl.h usability
configure:16015: gcc -c -g -O2  conftest.c >&5
configure:16015: $? = 0
configure:16015: result: yes
configure:16015: checking fcntl.h presence
configure:16015: gcc -E  conftest.c
configure:16015: $? = 0
configure:16015: result: yes
configure:16015: checking for fcntl.h
configure:16015: result: yes
configure:16015: checking stddef.h usability
configure:16015: gcc -c -g -O2  conftest.c >&5
configure:16015: $? = 0
configure:16015: result: yes
configure:16015: checking stddef.h presence
configure:16015: gcc -E  conftest.c
configure:16015: $? = 0
configure:16015: result: yes
configure:16015: checking for stddef.h
configure:16015: result: yes
configure:16015: checking for stdlib.h
configure:16015: result: yes
configure:16015: checking for string.h
configure:16015: result: yes
configure:16015: checking sys/time.h usability
configure:16015: gcc -c -g -O2  conftest.c >&5
configure:16015: $? = 0
configure:16015: result: yes
configure:16015: checking sys/time.h presence
configure:16015: gcc -E  conftest.c
configure:16015: $? = 0
configure:16015: result: yes
configure:16015: checking for sys/time.h
configure:16015: result: yes
configure:16015: checking termios.h usability
configure:16015: gcc -c -g -O2  conftest.c >&5
configure:16015: $? = 0
configure:16015: result: yes
configure:16015: checking termios.h presence
configure:16015: gcc -E  conftest.c
configure:16015: $? = 0
configure:16015: result: yes
configure:16015: checking for termios.h
configure:16015: result: yes
configure:16015: checking for unistd.h
configure:16015: result: yes
configure:16031: checking for stdbool.h that conforms to C99
configure:16098: gcc -c -g -O2  conftest.c >&5
configure:16098: $? = 0
configure:16105: result: yes
configure:16107: checking for _Bool
configure:16107: gcc -c -g -O2  conftest.c >&5
configure:16107: $? = 0
configure:16107: gcc -c -g -O2  conftest.c >&5
conftest.c: In function 'main':
conftest.c:73:20: error: expected expression before ')' token
configure:16107: $? = 1
configure: failed program was:
| /* confdefs.h */
| #define PACKAGE_NAME "urg"
| #define PACKAGE_TARNAME "urg"
| #define PACKAGE_VERSION "0.8.18"
| #define PACKAGE_STRING "urg 0.8.18"
| #define PACKAGE_BUGREPORT "satofumi@users.sourceforge.jp"
| #define PACKAGE_URL ""
| #define PACKAGE "urg"
| #define VERSION "0.8.18"
| #define MAJOR_VERSION "0"
| #define MINOR_VERSION "8"
| #define MICRO_VERSION "18"
| #define STDC_HEADERS 1
| #define HAVE_SYS_TYPES_H 1
| #define HAVE_SYS_STAT_H 1
| #define HAVE_STDLIB_H 1
| #define HAVE_STRING_H 1
| #define HAVE_MEMORY_H 1
| #define HAVE_STRINGS_H 1
| #define HAVE_INTTYPES_H 1
| #define HAVE_STDINT_H 1
| #define HAVE_UNISTD_H 1
| #define HAVE_DLFCN_H 1
| #define LT_OBJDIR ".libs/"
| #define HAVE_LIBSDL 1
| #define HAVE_LIBSDL_NET 1
| #define HAVE_DIRENT_H 1
| #define STDC_HEADERS 1
| #define HAVE_FCNTL_H 1
| #define HAVE_STDDEF_H 1
| #define HAVE_STDLIB_H 1
| #define HAVE_STRING_H 1
| #define HAVE_SYS_TIME_H 1
| #define HAVE_TERMIOS_H 1
| #define HAVE_UNISTD_H 1
| /* end confdefs.h.  */
| #include <stdio.h>
| #ifdef HAVE_SYS_TYPES_H
| # include <sys/types.h>
| #endif
| #ifdef HAVE_SYS_STAT_H
| # include <sys/stat.h>
| #endif
| #ifdef STDC_HEADERS
| # include <stdlib.h>
| # include <stddef.h>
| #else
| # ifdef HAVE_STDLIB_H
| #  include <stdlib.h>
| # endif
| #endif
| #ifdef HAVE_STRING_H
| # if !defined STDC_HEADERS && defined HAVE_MEMORY_H
| #  include <memory.h>
| # endif
| # include <string.h>
| #endif
| #ifdef HAVE_STRINGS_H
| # include <strings.h>
| #endif
| #ifdef HAVE_INTTYPES_H
| # include <inttypes.h>
| #endif
| #ifdef HAVE_STDINT_H
| # include <stdint.h>
| #endif
| #ifdef HAVE_UNISTD_H
| # include <unistd.h>
| #endif
| int
| main ()
| {
| if (sizeof ((_Bool)))
| 	    return 0;
|   ;
|   return 0;
| }
configure:16107: result: yes
configure:16123: checking for an ANSI C-conforming const
configure:16188: gcc -c -g -O2  conftest.c >&5
configure:16188: $? = 0
configure:16195: result: yes
configure:16203: checking for size_t
configure:16203: gcc -c -g -O2  conftest.c >&5
configure:16203: $? = 0
configure:16203: gcc -c -g -O2  conftest.c >&5
conftest.c: In function 'main':
conftest.c:75:21: error: expected expression before ')' token
configure:16203: $? = 1
configure: failed program was:
| /* confdefs.h */
| #define PACKAGE_NAME "urg"
| #define PACKAGE_TARNAME "urg"
| #define PACKAGE_VERSION "0.8.18"
| #define PACKAGE_STRING "urg 0.8.18"
| #define PACKAGE_BUGREPORT "satofumi@users.sourceforge.jp"
| #define PACKAGE_URL ""
| #define PACKAGE "urg"
| #define VERSION "0.8.18"
| #define MAJOR_VERSION "0"
| #define MINOR_VERSION "8"
| #define MICRO_VERSION "18"
| #define STDC_HEADERS 1
| #define HAVE_SYS_TYPES_H 1
| #define HAVE_SYS_STAT_H 1
| #define HAVE_STDLIB_H 1
| #define HAVE_STRING_H 1
| #define HAVE_MEMORY_H 1
| #define HAVE_STRINGS_H 1
| #define HAVE_INTTYPES_H 1
| #define HAVE_STDINT_H 1
| #define HAVE_UNISTD_H 1
| #define HAVE_DLFCN_H 1
| #define LT_OBJDIR ".libs/"
| #define HAVE_LIBSDL 1
| #define HAVE_LIBSDL_NET 1
| #define HAVE_DIRENT_H 1
| #define STDC_HEADERS 1
| #define HAVE_FCNTL_H 1
| #define HAVE_STDDEF_H 1
| #define HAVE_STDLIB_H 1
| #define HAVE_STRING_H 1
| #define HAVE_SYS_TIME_H 1
| #define HAVE_TERMIOS_H 1
| #define HAVE_UNISTD_H 1
| #define HAVE__BOOL 1
| #define HAVE_STDBOOL_H 1
| /* end confdefs.h.  */
| #include <stdio.h>
| #ifdef HAVE_SYS_TYPES_H
| # include <sys/types.h>
| #endif
| #ifdef HAVE_SYS_STAT_H
| # include <sys/stat.h>
| #endif
| #ifdef STDC_HEADERS
| # include <stdlib.h>
| # include <stddef.h>
| #else
| # ifdef HAVE_STDLIB_H
| #  include <stdlib.h>
| # endif
| #endif
| #ifdef HAVE_STRING_H
| # if !defined STDC_HEADERS && defined HAVE_MEMORY_H
| #  include <memory.h>
| # endif
| # include <string.h>
| #endif
| #ifdef HAVE_STRINGS_H
| # include <strings.h>
| #endif
| #ifdef HAVE_INTTYPES_H
| # include <inttypes.h>
| #endif
| #ifdef HAVE_STDINT_H
| # include <stdint.h>
| #endif
| #ifdef HAVE_UNISTD_H
| # include <unistd.h>
| #endif
| int
| main ()
| {
| if (sizeof ((size_t)))
| 	    return 0;
|   ;
|   return 0;
| }
configure:16203: result: yes
configure:16214: checking whether time.h and sys/time.h may both be included
configure:16234: gcc -c -g -O2  conftest.c >&5
configure:16234: $? = 0
configure:16241: result: yes
configure:16251: checking whether closedir returns void
configure:16275: gcc -o conftest -g -O2   conftest.c  -L/usr/lib/x86_64-linux-gnu -lSDL -lSDL_net -lm >&5
configure:16275: $? = 0
configure:16275: ./conftest
configure:16275: $? = 0
configure:16285: result: no
configure:16295: checking for stdlib.h
configure:16295: result: yes
configure:16305: checking for GNU libc compatible malloc
configure:16329: gcc -o conftest -g -O2   conftest.c  -L/usr/lib/x86_64-linux-gnu -lSDL -lSDL_net -lm >&5
configure:16329: $? = 0
configure:16329: ./conftest
configure:16329: $? = 0
configure:16339: result: yes
configure:16363: checking sys/select.h usability
configure:16363: gcc -c -g -O2  conftest.c >&5
configure:16363: $? = 0
configure:16363: result: yes
configure:16363: checking sys/select.h presence
configure:16363: gcc -E  conftest.c
configure:16363: $? = 0
configure:16363: result: yes
configure:16363: checking for sys/select.h
configure:16363: result: yes
configure:16363: checking sys/socket.h usability
configure:16363: gcc -c -g -O2  conftest.c >&5
configure:16363: $? = 0
configure:16363: result: yes
configure:16363: checking sys/socket.h presence
configure:16363: gcc -E  conftest.c
configure:16363: $? = 0
configure:16363: result: yes
configure:16363: checking for sys/socket.h
configure:16363: result: yes
configure:16373: checking types of arguments for select
configure:16401: gcc -c -g -O2  conftest.c >&5
configure:16401: $? = 0
configure:16412: result: int,fd_set *,struct timeval *
configure:16435: checking whether strerror_r is declared
configure:16435: gcc -c -g -O2  conftest.c >&5
configure:16435: $? = 0
configure:16435: result: yes
configure:16448: checking for strerror_r
configure:16448: gcc -o conftest -g -O2   conftest.c  -L/usr/lib/x86_64-linux-gnu -lSDL -lSDL_net -lm >&5
configure:16448: $? = 0
configure:16448: result: yes
configure:16457: checking whether strerror_r returns char *
configure:16481: gcc -c -g -O2  conftest.c >&5
conftest.c: In function 'main':
conftest.c:87:13: error: invalid type argument of unary '*' (have 'int')
conftest.c:88:14: warning: initialization makes pointer from integer without a cast [enabled by default]
configure:16481: $? = 1
configure: failed program was:
| /* confdefs.h */
| #define PACKAGE_NAME "urg"
| #define PACKAGE_TARNAME "urg"
| #define PACKAGE_VERSION "0.8.18"
| #define PACKAGE_STRING "urg 0.8.18"
| #define PACKAGE_BUGREPORT "satofumi@users.sourceforge.jp"
| #define PACKAGE_URL ""
| #define PACKAGE "urg"
| #define VERSION "0.8.18"
| #define MAJOR_VERSION "0"
| #define MINOR_VERSION "8"
| #define MICRO_VERSION "18"
| #define STDC_HEADERS 1
| #define HAVE_SYS_TYPES_H 1
| #define HAVE_SYS_STAT_H 1
| #define HAVE_STDLIB_H 1
| #define HAVE_STRING_H 1
| #define HAVE_MEMORY_H 1
| #define HAVE_STRINGS_H 1
| #define HAVE_INTTYPES_H 1
| #define HAVE_STDINT_H 1
| #define HAVE_UNISTD_H 1
| #define HAVE_DLFCN_H 1
| #define LT_OBJDIR ".libs/"
| #define HAVE_LIBSDL 1
| #define HAVE_LIBSDL_NET 1
| #define HAVE_DIRENT_H 1
| #define STDC_HEADERS 1
| #define HAVE_FCNTL_H 1
| #define HAVE_STDDEF_H 1
| #define HAVE_STDLIB_H 1
| #define HAVE_STRING_H 1
| #define HAVE_SYS_TIME_H 1
| #define HAVE_TERMIOS_H 1
| #define HAVE_UNISTD_H 1
| #define HAVE__BOOL 1
| #define HAVE_STDBOOL_H 1
| #define TIME_WITH_SYS_TIME 1
| #define HAVE_STDLIB_H 1
| #define HAVE_MALLOC 1
| #define HAVE_SYS_SELECT_H 1
| #define HAVE_SYS_SOCKET_H 1
| #define SELECT_TYPE_ARG1 int
| #define SELECT_TYPE_ARG234 (fd_set *)
| #define SELECT_TYPE_ARG5 (struct timeval *)
| #define HAVE_DECL_STRERROR_R 1
| #define HAVE_STRERROR_R 1
| /* end confdefs.h.  */
| #include <stdio.h>
| #ifdef HAVE_SYS_TYPES_H
| # include <sys/types.h>
| #endif
| #ifdef HAVE_SYS_STAT_H
| # include <sys/stat.h>
| #endif
| #ifdef STDC_HEADERS
| # include <stdlib.h>
| # include <stddef.h>
| #else
| # ifdef HAVE_STDLIB_H
| #  include <stdlib.h>
| # endif
| #endif
| #ifdef HAVE_STRING_H
| # if !defined STDC_HEADERS && defined HAVE_MEMORY_H
| #  include <memory.h>
| # endif
| # include <string.h>
| #endif
| #ifdef HAVE_STRINGS_H
| # include <strings.h>
| #endif
| #ifdef HAVE_INTTYPES_H
| # include <inttypes.h>
| #endif
| #ifdef HAVE_STDINT_H
| # include <stdint.h>
| #endif
| #ifdef HAVE_UNISTD_H
| # include <unistd.h>
| #endif
| int
| main ()
| {
| 
| 	  char buf[100];
| 	  char x = *strerror_r (0, buf, sizeof buf);
| 	  char *p = strerror_r (0, buf, sizeof buf);
| 	  return !p || x;
| 
|   ;
|   return 0;
| }
configure:16519: result: no
configure:16529: checking for vprintf
configure:16529: gcc -o conftest -g -O2   conftest.c  -L/usr/lib/x86_64-linux-gnu -lSDL -lSDL_net -lm >&5
conftest.c:72:6: warning: conflicting types for built-in function 'vprintf' [enabled by default]
configure:16529: $? = 0
configure:16529: result: yes
configure:16535: checking for _doprnt
configure:16535: gcc -o conftest -g -O2   conftest.c  -L/usr/lib/x86_64-linux-gnu -lSDL -lSDL_net -lm >&5
/tmp/ccrG0bK9.o: In function `main':
/home/fit-pc/grit/libs/hokuyo/urg-0.8.18/conftest.c:84: undefined reference to `_doprnt'
collect2: ld returned 1 exit status
configure:16535: $? = 1
configure: failed program was:
| /* confdefs.h */
| #define PACKAGE_NAME "urg"
| #define PACKAGE_TARNAME "urg"
| #define PACKAGE_VERSION "0.8.18"
| #define PACKAGE_STRING "urg 0.8.18"
| #define PACKAGE_BUGREPORT "satofumi@users.sourceforge.jp"
| #define PACKAGE_URL ""
| #define PACKAGE "urg"
| #define VERSION "0.8.18"
| #define MAJOR_VERSION "0"
| #define MINOR_VERSION "8"
| #define MICRO_VERSION "18"
| #define STDC_HEADERS 1
| #define HAVE_SYS_TYPES_H 1
| #define HAVE_SYS_STAT_H 1
| #define HAVE_STDLIB_H 1
| #define HAVE_STRING_H 1
| #define HAVE_MEMORY_H 1
| #define HAVE_STRINGS_H 1
| #define HAVE_INTTYPES_H 1
| #define HAVE_STDINT_H 1
| #define HAVE_UNISTD_H 1
| #define HAVE_DLFCN_H 1
| #define LT_OBJDIR ".libs/"
| #define HAVE_LIBSDL 1
| #define HAVE_LIBSDL_NET 1
| #define HAVE_DIRENT_H 1
| #define STDC_HEADERS 1
| #define HAVE_FCNTL_H 1
| #define HAVE_STDDEF_H 1
| #define HAVE_STDLIB_H 1
| #define HAVE_STRING_H 1
| #define HAVE_SYS_TIME_H 1
| #define HAVE_TERMIOS_H 1
| #define HAVE_UNISTD_H 1
| #define HAVE__BOOL 1
| #define HAVE_STDBOOL_H 1
| #define TIME_WITH_SYS_TIME 1
| #define HAVE_STDLIB_H 1
| #define HAVE_MALLOC 1
| #define HAVE_SYS_SELECT_H 1
| #define HAVE_SYS_SOCKET_H 1
| #define SELECT_TYPE_ARG1 int
| #define SELECT_TYPE_ARG234 (fd_set *)
| #define SELECT_TYPE_ARG5 (struct timeval *)
| #define HAVE_DECL_STRERROR_R 1
| #define HAVE_STRERROR_R 1
| #define HAVE_VPRINTF 1
| /* end confdefs.h.  */
| /* Define _doprnt to an innocuous variant, in case <limits.h> declares _doprnt.
|    For example, HP-UX 11i <limits.h> declares gettimeofday.  */
| #define _doprnt innocuous__doprnt
| 
| /* System header to define __stub macros and hopefully few prototypes,
|     which can conflict with char _doprnt (); below.
|     Prefer <limits.h> to <assert.h> if __STDC__ is defined, since
|     <limits.h> exists even on freestanding compilers.  */
| 
| #ifdef __STDC__
| # include <limits.h>
| #else
| # include <assert.h>
| #endif
| 
| #undef _doprnt
| 
| /* Override any GCC internal prototype to avoid an error.
|    Use char because int might match the return type of a GCC
|    builtin and then its argument prototype would still apply.  */
| #ifdef __cplusplus
| extern "C"
| #endif
| char _doprnt ();
| /* The GNU C library defines this for functions which it implements
|     to always fail with ENOSYS.  Some functions are actually named
|     something starting with __ and the normal name is an alias.  */
| #if defined __stub__doprnt || defined __stub____doprnt
| choke me
| #endif
| 
| int
| main ()
| {
| return _doprnt ();
|   ;
|   return 0;
| }
configure:16535: result: no
configure:16546: checking whether lstat correctly handles trailing slash
configure:16572: gcc -o conftest -g -O2   conftest.c  -L/usr/lib/x86_64-linux-gnu -lSDL -lSDL_net -lm >&5
configure:16572: $? = 0
configure:16572: ./conftest
configure:16572: $? = 0
configure:16589: result: yes
configure:16608: checking whether stat accepts an empty string
configure:16628: gcc -o conftest -g -O2   conftest.c  -L/usr/lib/x86_64-linux-gnu -lSDL -lSDL_net -lm >&5
configure:16628: $? = 0
configure:16628: ./conftest
configure:16628: $? = 0
configure:16638: result: no
configure:16657: checking for atexit
configure:16657: gcc -o conftest -g -O2   conftest.c  -L/usr/lib/x86_64-linux-gnu -lSDL -lSDL_net -lm >&5
configure:16657: $? = 0
configure:16657: result: yes
configure:16657: checking for floor
configure:16657: gcc -o conftest -g -O2   conftest.c  -L/usr/lib/x86_64-linux-gnu -lSDL -lSDL_net -lm >&5
conftest.c:75:6: warning: conflicting types for built-in function 'floor' [enabled by default]
configure:16657: $? = 0
configure:16657: result: yes
configure:16657: checking for gettimeofday
configure:16657: gcc -o conftest -g -O2   conftest.c  -L/usr/lib/x86_64-linux-gnu -lSDL -lSDL_net -lm >&5
configure:16657: $? = 0
configure:16657: result: yes
configure:16657: checking for memmove
configure:16657: gcc -o conftest -g -O2   conftest.c  -L/usr/lib/x86_64-linux-gnu -lSDL -lSDL_net -lm >&5
conftest.c:77:6: warning: conflicting types for built-in function 'memmove' [enabled by default]
configure:16657: $? = 0
configure:16657: result: yes
configure:16657: checking for select
configure:16657: gcc -o conftest -g -O2   conftest.c  -L/usr/lib/x86_64-linux-gnu -lSDL -lSDL_net -lm >&5
configure:16657: $? = 0
configure:16657: result: yes
configure:16657: checking for strerror
configure:16657: gcc -o conftest -g -O2   conftest.c  -L/usr/lib/x86_64-linux-gnu -lSDL -lSDL_net -lm >&5
configure:16657: $? = 0
configure:16657: result: yes
configure:16657: checking for strrchr
configure:16657: gcc -o conftest -g -O2   conftest.c  -L/usr/lib/x86_64-linux-gnu -lSDL -lSDL_net -lm >&5
conftest.c:80:6: warning: conflicting types for built-in function 'strrchr' [enabled by default]
configure:16657: $? = 0
configure:16657: result: yes
configure:16657: checking for strtol
configure:16657: gcc -o conftest -g -O2   conftest.c  -L/usr/lib/x86_64-linux-gnu -lSDL -lSDL_net -lm >&5
configure:16657: $? = 0
configure:16657: result: yes
configure:16657: checking for strstr
configure:16657: gcc -o conftest -g -O2   conftest.c  -L/usr/lib/x86_64-linux-gnu -lSDL -lSDL_net -lm >&5
conftest.c:82:6: warning: conflicting types for built-in function 'strstr' [enabled by default]
configure:16657: $? = 0
configure:16657: result: yes
configure:16811: creating ./config.status

## ---------------------- ##
## Running config.status. ##
## ---------------------- ##

This file was extended by urg config.status 0.8.18, which was
generated by GNU Autoconf 2.68.  Invocation command line was

  CONFIG_FILES    = 
  CONFIG_HEADERS  = 
  CONFIG_LINKS    = 
  CONFIG_COMMANDS = 
  $ ./config.status 

on fitpc

config.status:1226: creating Makefile
config.status:1226: creating include/Makefile
config.status:1226: creating include/c/Makefile
config.status:1226: creating include/cpp/Makefile
config.status:1226: creating src/Makefile
config.status:1226: creating src/c/Makefile
config.status:1226: creating src/c/system/Makefile
config.status:1226: creating src/c/connection/Makefile
config.status:1226: creating src/c/urg/Makefile
config.status:1226: creating src/cpp/Makefile
config.status:1226: creating src/cpp/system/Makefile
config.status:1226: creating src/cpp/common/Makefile
config.status:1226: creating src/cpp/connection/Makefile
config.status:1226: creating src/cpp/connection/sdl/Makefile
config.status:1226: creating src/cpp/coordinate/Makefile
config.status:1226: creating src/cpp/geometry/Makefile
config.status:1226: creating src/cpp/urg/Makefile
config.status:1226: creating src/cpp/monitor/Makefile
config.status:1226: creating samples/Makefile
config.status:1226: creating samples/c/Makefile
config.status:1226: creating samples/cpp/Makefile
config.status:1226: creating samples/scip_samples/Makefile
config.status:1226: creating samples/cpp_ethernet/Makefile
config.status:1226: creating urg-config
config.status:1226: creating c_urg-config
config.status:1226: creating config.h
config.status:1407: config.h is unchanged
config.status:1455: executing depfiles commands
config.status:1455: executing libtool commands
config.status:1455: executing default commands

## ---------------- ##
## Cache variables. ##
## ---------------- ##

ac_cv_build=x86_64-unknown-linux-gnu
ac_cv_c_compiler_gnu=yes
ac_cv_c_const=yes
ac_cv_cxx_compiler_gnu=yes
ac_cv_env_CCC_set=
ac_cv_env_CCC_value=
ac_cv_env_CC_set=
ac_cv_env_CC_value=
ac_cv_env_CFLAGS_set=
ac_cv_env_CFLAGS_value=
ac_cv_env_CPPFLAGS_set=
ac_cv_env_CPPFLAGS_value=
ac_cv_env_CPP_set=
ac_cv_env_CPP_value=
ac_cv_env_CXXCPP_set=
ac_cv_env_CXXCPP_value=
ac_cv_env_CXXFLAGS_set=
ac_cv_env_CXXFLAGS_value=
ac_cv_env_CXX_set=
ac_cv_env_CXX_value=
ac_cv_env_LDFLAGS_set=
ac_cv_env_LDFLAGS_value=
ac_cv_env_LIBS_set=
ac_cv_env_LIBS_value=
ac_cv_env_build_alias_set=
ac_cv_env_build_alias_value=
ac_cv_env_host_alias_set=
ac_cv_env_host_alias_value=
ac_cv_env_target_alias_set=
ac_cv_env_target_alias_value=
ac_cv_func__doprnt=no
ac_cv_func_atexit=yes
ac_cv_func_closedir_void=no
ac_cv_func_floor=yes
ac_cv_func_gettimeofday=yes
ac_cv_func_lstat_dereferences_slashed_symlink=yes
ac_cv_func_malloc_0_nonnull=yes
ac_cv_func_memmove=yes
ac_cv_func_select=yes
ac_cv_func_select_args='int,fd_set *,struct timeval *'
ac_cv_func_stat_empty_string_bug=no
ac_cv_func_strerror=yes
ac_cv_func_strerror_r=yes
ac_cv_func_strerror_r_char_p=no
ac_cv_func_strrchr=yes
ac_cv_func_strstr=yes
ac_cv_func_strtol=yes
ac_cv_func_vprintf=yes
ac_cv_have_decl_strerror_r=yes
ac_cv_header_dirent_dirent_h=yes
ac_cv_header_dlfcn_h=yes
ac_cv_header_fcntl_h=yes
ac_cv_header_inttypes_h=yes
ac_cv_header_memory_h=yes
ac_cv_header_stdbool_h=yes
ac_cv_header_stdc=yes
ac_cv_header_stddef_h=yes
ac_cv_header_stdint_h=yes
ac_cv_header_stdlib_h=yes
ac_cv_header_string_h=yes
ac_cv_header_strings_h=yes
ac_cv_header_sys_select_h=yes
ac_cv_header_sys_socket_h=yes
ac_cv_header_sys_stat_h=yes
ac_cv_header_sys_time_h=yes
ac_cv_header_sys_types_h=yes
ac_cv_header_termios_h=yes
ac_cv_header_time=yes
ac_cv_header_unistd_h=yes
ac_cv_host=x86_64-unknown-linux-gnu
ac_cv_lib_SDL_net_SDLNet_Init=yes
ac_cv_lib_m_cos=yes
ac_cv_objext=o
ac_cv_path_EGREP='/bin/grep -E'
ac_cv_path_FGREP='/bin/grep -F'
ac_cv_path_GREP=/bin/grep
ac_cv_path_SDL_CONFIG=/usr/bin/sdl-config
ac_cv_path_SED=/bin/sed
ac_cv_path_install='/usr/bin/install -c'
ac_cv_path_mkdir=/bin/mkdir
ac_cv_prog_AWK=mawk
ac_cv_prog_CPP='gcc -E'
ac_cv_prog_CXXCPP='g++ -E'
ac_cv_prog_ac_ct_AR=ar
ac_cv_prog_ac_ct_CC=gcc
ac_cv_prog_ac_ct_CXX=g++
ac_cv_prog_ac_ct_MANIFEST_TOOL=mt
ac_cv_prog_ac_ct_OBJDUMP=objdump
ac_cv_prog_ac_ct_RANLIB=ranlib
ac_cv_prog_ac_ct_STRIP=strip
ac_cv_prog_cc_c89=
ac_cv_prog_cc_g=yes
ac_cv_prog_cxx_g=yes
ac_cv_prog_make_make_set=yes
ac_cv_search_opendir='none required'
ac_cv_type__Bool=yes
ac_cv_type_size_t=yes
am_cv_CC_dependencies_compiler_type=gcc3
am_cv_CXX_dependencies_compiler_type=gcc3
lt_cv_ar_at_file=@
lt_cv_archive_cmds_need_lc=no
lt_cv_deplibs_check_method=pass_all
lt_cv_file_magic_cmd='$MAGIC_CMD'
lt_cv_file_magic_test_file=
lt_cv_ld_reload_flag=-r
lt_cv_nm_interface='BSD nm'
lt_cv_objdir=.libs
lt_cv_path_LD=/usr/bin/ld
lt_cv_path_LDCXX='/usr/bin/ld -m elf_x86_64'
lt_cv_path_NM='/usr/bin/nm -B'
lt_cv_path_mainfest_tool=no
lt_cv_prog_compiler_c_o=yes
lt_cv_prog_compiler_c_o_CXX=yes
lt_cv_prog_compiler_pic='-fPIC -DPIC'
lt_cv_prog_compiler_pic_CXX='-fPIC -DPIC'
lt_cv_prog_compiler_pic_works=yes
lt_cv_prog_compiler_pic_works_CXX=yes
lt_cv_prog_compiler_rtti_exceptions=no
lt_cv_prog_compiler_static_works=yes
lt_cv_prog_compiler_static_works_CXX=yes
lt_cv_prog_gnu_ld=yes
lt_cv_prog_gnu_ldcxx=yes
lt_cv_sharedlib_from_linklib_cmd='printf %s\n'
lt_cv_shlibpath_overrides_runpath=no
lt_cv_sys_global_symbol_pipe='sed -n -e '\''s/^.*[	 ]\([ABCDGIRSTW][ABCDGIRSTW]*\)[	 ][	 ]*\([_A-Za-z][_A-Za-z0-9]*\)$/\1 \2 \2/p'\'' | sed '\''/ __gnu_lto/d'\'''
lt_cv_sys_global_symbol_to_c_name_address='sed -n -e '\''s/^: \([^ ]*\)[ ]*$/  {\"\1\", (void *) 0},/p'\'' -e '\''s/^[ABCDGIRSTW]* \([^ ]*\) \([^ ]*\)$/  {"\2", (void *) \&\2},/p'\'''
lt_cv_sys_global_symbol_to_c_name_address_lib_prefix='sed -n -e '\''s/^: \([^ ]*\)[ ]*$/  {\"\1\", (void *) 0},/p'\'' -e '\''s/^[ABCDGIRSTW]* \([^ ]*\) \(lib[^ ]*\)$/  {"\2", (void *) \&\2},/p'\'' -e '\''s/^[ABCDGIRSTW]* \([^ ]*\) \([^ ]*\)$/  {"lib\2", (void *) \&\2},/p'\'''
lt_cv_sys_global_symbol_to_cdecl='sed -n -e '\''s/^T .* \(.*\)$/extern int \1();/p'\'' -e '\''s/^[ABCDGIRSTW]* .* \(.*\)$/extern char \1;/p'\'''
lt_cv_sys_max_cmd_len=3458764513820540925
lt_cv_to_host_file_cmd=func_convert_file_noop
lt_cv_to_tool_file_cmd=func_convert_file_noop

## ----------------- ##
## Output variables. ##
## ----------------- ##

ACLOCAL='${SHELL} /home/fit-pc/grit/libs/hokuyo/urg-0.8.18/missing --run aclocal-1.11'
AMDEPBACKSLASH='\'
AMDEP_FALSE='#'
AMDEP_TRUE=''
AMTAR='$${TAR-tar}'
AR='ar'
AUTOCONF='${SHELL} /home/fit-pc/grit/libs/hokuyo/urg-0.8.18/missing --run autoconf'
AUTOHEADER='${SHELL} /home/fit-pc/grit/libs/hokuyo/urg-0.8.18/missing --run autoheader'
AUTOMAKE='${SHELL} /home/fit-pc/grit/libs/hokuyo/urg-0.8.18/missing --run automake-1.11'
AWK='mawk'
CC='gcc'
CCDEPMODE='depmode=gcc3'
CFLAGS='-g -O2'
CPP='gcc -E'
CPPFLAGS=''
CPP_COMPILE_COND_FALSE='#'
CPP_COMPILE_COND_TRUE=''
CPP_INCLUDES='-I${top_srcdir}/include/cpp  -I${top_srcdir}/src/cpp/system -I${top_srcdir}/src/cpp/common -I${top_srcdir}/src/cpp/connection -I${top_srcdir}/src/cpp/geometry -I${top_srcdir}/src/cpp/coordinate -I${top_srcdir}/src/cpp/urg -I${top_srcdir}/src/cpp/connection/sdl -I${top_srcdir}/src/cpp/monitor'
CXX='g++'
CXXCPP='g++ -E'
CXXDEPMODE='depmode=gcc3'
CXXFLAGS='-g -O2 -I/usr/include/SDL -D_GNU_SOURCE=1 -D_REENTRANT'
CYGPATH_W='echo'
C_INCLUDES='-I${top_srcdir}/src/c/system -I${top_srcdir}/src/c/connection -I${top_srcdir}/src/c/urg'
C_INSTALL_LIBS='-lc_urg -lc_urg_connection -lc_urg_system -lm'
DEFS='-DHAVE_CONFIG_H'
DEPDIR='.deps'
DLLTOOL='false'
DSYMUTIL=''
DUMPBIN=''
ECHO_C=''
ECHO_N='-n'
ECHO_T=''
EGREP='/bin/grep -E'
EXEEXT=''
FGREP='/bin/grep -F'
GREP='/bin/grep'
INSTALL_DATA='${INSTALL} -m 644'
INSTALL_LIBS='-lurg_monitor -lurg -lurg_coordinate -lurg_geometry -lurg_connection -lurg_connection_sdl -lurg_common -lurg_system -lm'
INSTALL_PROGRAM='${INSTALL}'
INSTALL_SCRIPT='${INSTALL}'
INSTALL_STRIP_PROGRAM='$(install_sh) -c -s'
LD='/usr/bin/ld -m elf_x86_64'
LDFLAGS=''
LIBOBJS=''
LIBS=' -L/usr/lib/x86_64-linux-gnu -lSDL -lSDL_net -lm'
LIBTOOL='$(SHELL) $(top_builddir)/libtool'
LIPO=''
LN_S='ln -s'
LTLIBOBJS=''
MAKEINFO='${SHELL} /home/fit-pc/grit/libs/hokuyo/urg-0.8.18/missing --run makeinfo'
MANIFEST_TOOL=':'
MKDIR_P='/bin/mkdir -p'
NM='/usr/bin/nm -B'
NMEDIT=''
OBJDUMP='objdump'
OBJEXT='o'
OTOOL64=''
OTOOL=''
PACKAGE='urg'
PACKAGE_BUGREPORT='satofumi@users.sourceforge.jp'
PACKAGE_NAME='urg'
PACKAGE_STRING='urg 0.8.18'
PACKAGE_TARNAME='urg'
PACKAGE_URL=''
PACKAGE_VERSION='0.8.18'
PATH_SEPARATOR=':'
RANLIB='ranlib'
SAMPLES_LIBS_PATH='-L${top_builddir}/src/c/urg -L${top_builddir}/src/c/connection -L${top_builddir}/src/c/system -L${top_builddir}/src/cpp/urg -L${top_builddir}/src/cpp/connection -L${top_builddir}/src/cpp/common -L${top_builddir}/src/cpp/system -L${top_builddir}/src/cpp/monitor -L${top_builddir}/src/cpp/coordinate -L${top_builddir}/src/cpp/geometry -L${top_builddir}/src/cpp/connection/sdl'
SDL_CFLAGS='-I/usr/include/SDL -D_GNU_SOURCE=1 -D_REENTRANT'
SDL_CONFIG='/usr/bin/sdl-config'
SDL_LIBS='-L/usr/lib/x86_64-linux-gnu -lSDL'
SED='/bin/sed'
SET_MAKE=''
SHELL='/bin/bash'
STRIP='strip'
VERSION='0.8.18'
ac_ct_AR='ar'
ac_ct_CC='gcc'
ac_ct_CXX='g++'
ac_ct_DUMPBIN=''
am__EXEEXT_FALSE=''
am__EXEEXT_TRUE='#'
am__fastdepCC_FALSE='#'
am__fastdepCC_TRUE=''
am__fastdepCXX_FALSE='#'
am__fastdepCXX_TRUE=''
am__include='include'
am__isrc=''
am__leading_dot='.'
am__nodep='_no'
am__quote=''
am__tar='$${TAR-tar} chof - "$$tardir"'
am__untar='$${TAR-tar} xf -'
bindir='${exec_prefix}/bin'
build='x86_64-unknown-linux-gnu'
build_alias=''
build_cpu='x86_64'
build_os='linux-gnu'
build_vendor='unknown'
datadir='${datarootdir}'
datarootdir='${prefix}/share'
docdir='${datarootdir}/doc/${PACKAGE_TARNAME}'
dvidir='${docdir}'
exec_prefix='${prefix}'
host='x86_64-unknown-linux-gnu'
host_alias=''
host_cpu='x86_64'
host_os='linux-gnu'
host_vendor='unknown'
htmldir='${docdir}'
includedir='${prefix}/include'
infodir='${datarootdir}/info'
install_sh='${SHELL} /home/fit-pc/grit/libs/hokuyo/urg-0.8.18/install-sh'
libdir='${exec_prefix}/lib'
libexecdir='${exec_prefix}/libexec'
localedir='${datarootdir}/locale'
localstatedir='${prefix}/var'
mandir='${datarootdir}/man'
mkdir_p='/bin/mkdir -p'
oldincludedir='/usr/include'
pdfdir='${docdir}'
prefix='/home/fit-pc/grit/libs'
program_transform_name='s,x,x,'
psdir='${docdir}'
sbindir='${exec_prefix}/sbin'
sharedstatedir='${prefix}/com'
sysconfdir='${prefix}/etc'
target_alias=''

## ----------- ##
## confdefs.h. ##
## ----------- ##

/* confdefs.h */
#define PACKAGE_NAME "urg"
#define PACKAGE_TARNAME "urg"
#define PACKAGE_VERSION "0.8.18"
#define PACKAGE_STRING "urg 0.8.18"
#define PACKAGE_BUGREPORT "satofumi@users.sourceforge.jp"
#define PACKAGE_URL ""
#define PACKAGE "urg"
#define VERSION "0.8.18"
#define MAJOR_VERSION "0"
#define MINOR_VERSION "8"
#define MICRO_VERSION "18"
#define STDC_HEADERS 1
#define HAVE_SYS_TYPES_H 1
#define HAVE_SYS_STAT_H 1
#define HAVE_STDLIB_H 1
#define HAVE_STRING_H 1
#define HAVE_MEMORY_H 1
#define HAVE_STRINGS_H 1
#define HAVE_INTTYPES_H 1
#define HAVE_STDINT_H 1
#define HAVE_UNISTD_H 1
#define HAVE_DLFCN_H 1
#define LT_OBJDIR ".libs/"
#define HAVE_LIBSDL 1
#define HAVE_LIBSDL_NET 1
#define HAVE_DIRENT_H 1
#define STDC_HEADERS 1
#define HAVE_FCNTL_H 1
#define HAVE_STDDEF_H 1
#define HAVE_STDLIB_H 1
#define HAVE_STRING_H 1
#define HAVE_SYS_TIME_H 1
#define HAVE_TERMIOS_H 1
#define HAVE_UNISTD_H 1
#define HAVE__BOOL 1
#define HAVE_STDBOOL_H 1
#define TIME_WITH_SYS_TIME 1
#define HAVE_STDLIB_H 1
#define HAVE_MALLOC 1
#define HAVE_SYS_SELECT_H 1
#define HAVE_SYS_SOCKET_H 1
#define SELECT_TYPE_ARG1 int
#define SELECT_TYPE_ARG234 (fd_set *)
#define SELECT_TYPE_ARG5 (struct timeval *)
#define HAVE_DECL_STRERROR_R 1
#define HAVE_STRERROR_R 1
#define HAVE_VPRINTF 1
#define LSTAT_FOLLOWS_SLASHED_SYMLINK 1
#define HAVE_ATEXIT 1
#define HAVE_FLOOR 1
#define HAVE_GETTIMEOFDAY 1
#define HAVE_MEMMOVE 1
#define HAVE_SELECT 1
#define HAVE_STRERROR 1
#define HAVE_STRRCHR 1
#define HAVE_STRTOL 1
#define HAVE_STRSTR 1

configure: exit 0

## ---------------------- ##
## Running config.status. ##
## ---------------------- ##

This file was extended by urg config.status 0.8.18, which was
generated by GNU Autoconf 2.68.  Invocation command line was

  CONFIG_FILES    = 
  CONFIG_HEADERS  = 
  CONFIG_LINKS    = 
  CONFIG_COMMANDS = 
  $ ./config.status Makefile

on fitpc

config.status:1226: creating Makefile

## ---------------------- ##
## Running config.status. ##
## ---------------------- ##

This file was extended by urg config.status 0.8.18, which was
generated by GNU Autoconf 2.68.  Invocation command line was

  CONFIG_FILES    = 
  CONFIG_HEADERS  = 
  CONFIG_LINKS    = 
  CONFIG_COMMANDS = 
  $ ./config.status include/Makefile

on fitpc

config.status:1226: creating include/Makefile

## ---------------------- ##
## Running config.status. ##
## ---------------------- ##

This file was extended by urg config.status 0.8.18, which was
generated by GNU Autoconf 2.68.  Invocation command line was

  CONFIG_FILES    = 
  CONFIG_HEADERS  = 
  CONFIG_LINKS    = 
  CONFIG_COMMANDS = 
  $ ./config.status include/c/Makefile

on fitpc

config.status:1226: creating include/c/Makefile

## ---------------------- ##
## Running config.status. ##
## ---------------------- ##

This file was extended by urg config.status 0.8.18, which was
generated by GNU Autoconf 2.68.  Invocation command line was

  CONFIG_FILES    = 
  CONFIG_HEADERS  = 
  CONFIG_LINKS    = 
  CONFIG_COMMANDS = 
  $ ./config.status include/cpp/Makefile

on fitpc

config.status:1226: creating include/cpp/Makefile

## ---------------------- ##
## Running config.status. ##
## ---------------------- ##

This file was extended by urg config.status 0.8.18, which was
generated by GNU Autoconf 2.68.  Invocation command line was

  CONFIG_FILES    = 
  CONFIG_HEADERS  = 
  CONFIG_LINKS    = 
  CONFIG_COMMANDS = 
  $ ./config.status src/Makefile

on fitpc

config.status:1226: creating src/Makefile

## ---------------------- ##
## Running config.status. ##
## ---------------------- ##

This file was extended by urg config.status 0.8.18, which was
generated by GNU Autoconf 2.68.  Invocation command line was

  CONFIG_FILES    = 
  CONFIG_HEADERS  = 
  CONFIG_LINKS    = 
  CONFIG_COMMANDS = 
  $ ./config.status src/c/Makefile

on fitpc

config.status:1226: creating src/c/Makefile

## ---------------------- ##
## Running config.status. ##
## ---------------------- ##

This file was extended by urg config.status 0.8.18, which was
generated by GNU Autoconf 2.68.  Invocation command line was

  CONFIG_FILES    = 
  CONFIG_HEADERS  = 
  CONFIG_LINKS    = 
  CONFIG_COMMANDS = 
  $ ./config.status src/c/connection/Makefile depfiles

on fitpc

config.status:1226: creating src/c/connection/Makefile
config.status:1455: executing depfiles commands

## ---------------------- ##
## Running config.status. ##
## ---------------------- ##

This file was extended by urg config.status 0.8.18, which was
generated by GNU Autoconf 2.68.  Invocation command line was

  CONFIG_FILES    = 
  CONFIG_HEADERS  = 
  CONFIG_LINKS    = 
  CONFIG_COMMANDS = 
  $ ./config.status src/c/system/Makefile depfiles

on fitpc

config.status:1226: creating src/c/system/Makefile
config.status:1455: executing depfiles commands

## ---------------------- ##
## Running config.status. ##
## ---------------------- ##

This file was extended by urg config.status 0.8.18, which was
generated by GNU Autoconf 2.68.  Invocation command line was

  CONFIG_FILES    = 
  CONFIG_HEADERS  = 
  CONFIG_LINKS    = 
  CONFIG_COMMANDS = 
  $ ./config.status src/c/urg/Makefile depfiles

on fitpc

config.status:1226: creating src/c/urg/Makefile
config.status:1455: executing depfiles commands

## ---------------------- ##
## Running config.status. ##
## ---------------------- ##

This file was extended by urg config.status 0.8.18, which was
generated by GNU Autoconf 2.68.  Invocation command line was

  CONFIG_FILES    = 
  CONFIG_HEADERS  = 
  CONFIG_LINKS    = 
  CONFIG_COMMANDS = 
  $ ./config.status src/cpp/Makefile

on fitpc

config.status:1226: creating src/cpp/Makefile

## ---------------------- ##
## Running config.status. ##
## ---------------------- ##

This file was extended by urg config.status 0.8.18, which was
generated by GNU Autoconf 2.68.  Invocation command line was

  CONFIG_FILES    = 
  CONFIG_HEADERS  = 
  CONFIG_LINKS    = 
  CONFIG_COMMANDS = 
  $ ./config.status src/cpp/common/Makefile depfiles

on fitpc

config.status:1226: creating src/cpp/common/Makefile
config.status:1455: executing depfiles commands

## ---------------------- ##
## Running config.status. ##
## ---------------------- ##

This file was extended by urg config.status 0.8.18, which was
generated by GNU Autoconf 2.68.  Invocation command line was

  CONFIG_FILES    = 
  CONFIG_HEADERS  = 
  CONFIG_LINKS    = 
  CONFIG_COMMANDS = 
  $ ./config.status src/cpp/geometry/Makefile depfiles

on fitpc

config.status:1226: creating src/cpp/geometry/Makefile
config.status:1455: executing depfiles commands

## ---------------------- ##
## Running config.status. ##
## ---------------------- ##

This file was extended by urg config.status 0.8.18, which was
generated by GNU Autoconf 2.68.  Invocation command line was

  CONFIG_FILES    = 
  CONFIG_HEADERS  = 
  CONFIG_LINKS    = 
  CONFIG_COMMANDS = 
  $ ./config.status src/cpp/coordinate/Makefile depfiles

on fitpc

config.status:1226: creating src/cpp/coordinate/Makefile
config.status:1455: executing depfiles commands

## ---------------------- ##
## Running config.status. ##
## ---------------------- ##

This file was extended by urg config.status 0.8.18, which was
generated by GNU Autoconf 2.68.  Invocation command line was

  CONFIG_FILES    = 
  CONFIG_HEADERS  = 
  CONFIG_LINKS    = 
  CONFIG_COMMANDS = 
  $ ./config.status src/cpp/connection/Makefile depfiles

on fitpc

config.status:1226: creating src/cpp/connection/Makefile
config.status:1455: executing depfiles commands

## ---------------------- ##
## Running config.status. ##
## ---------------------- ##

This file was extended by urg config.status 0.8.18, which was
generated by GNU Autoconf 2.68.  Invocation command line was

  CONFIG_FILES    = 
  CONFIG_HEADERS  = 
  CONFIG_LINKS    = 
  CONFIG_COMMANDS = 
  $ ./config.status src/cpp/connection/sdl/Makefile depfiles

on fitpc

config.status:1226: creating src/cpp/connection/sdl/Makefile
config.status:1455: executing depfiles commands

## ---------------------- ##
## Running config.status. ##
## ---------------------- ##

This file was extended by urg config.status 0.8.18, which was
generated by GNU Autoconf 2.68.  Invocation command line was

  CONFIG_FILES    = 
  CONFIG_HEADERS  = 
  CONFIG_LINKS    = 
  CONFIG_COMMANDS = 
  $ ./config.status src/cpp/system/Makefile depfiles

on fitpc

config.status:1226: creating src/cpp/system/Makefile
config.status:1455: executing depfiles commands

## ---------------------- ##
## Running config.status. ##
## ---------------------- ##

This file was extended by urg config.status 0.8.18, which was
generated by GNU Autoconf 2.68.  Invocation command line was

  CONFIG_FILES    = 
  CONFIG_HEADERS  = 
  CONFIG_LINKS    = 
  CONFIG_COMMANDS = 
  $ ./config.status src/cpp/urg/Makefile depfiles

on fitpc

config.status:1226: creating src/cpp/urg/Makefile
config.status:1455: executing depfiles commands

## ---------------------- ##
## Running config.status. ##
## ---------------------- ##

This file was extended by urg config.status 0.8.18, which was
generated by GNU Autoconf 2.68.  Invocation command line was

  CONFIG_FILES    = 
  CONFIG_HEADERS  = 
  CONFIG_LINKS    = 
  CONFIG_COMMANDS = 
  $ ./config.status src/cpp/monitor/Makefile depfiles

on fitpc

config.status:1226: creating src/cpp/monitor/Makefile
config.status:1455: executing depfiles commands

## ---------------------- ##
## Running config.status. ##
## ---------------------- ##

This file was extended by urg config.status 0.8.18, which was
generated by GNU Autoconf 2.68.  Invocation command line was

  CONFIG_FILES    = 
  CONFIG_HEADERS  = 
  CONFIG_LINKS    = 
  CONFIG_COMMANDS = 
  $ ./config.status samples/Makefile

on fitpc

config.status:1226: creating samples/Makefile

## ---------------------- ##
## Running config.status. ##
## ---------------------- ##

This file was extended by urg config.status 0.8.18, which was
generated by GNU Autoconf 2.68.  Invocation command line was

  CONFIG_FILES    = 
  CONFIG_HEADERS  = 
  CONFIG_LINKS    = 
  CONFIG_COMMANDS = 
  $ ./config.status samples/c/Makefile depfiles

on fitpc

config.status:1226: creating samples/c/Makefile
config.status:1455: executing depfiles commands

## ---------------------- ##
## Running config.status. ##
## ---------------------- ##

This file was extended by urg config.status 0.8.18, which was
generated by GNU Autoconf 2.68.  Invocation command line was

  CONFIG_FILES    = 
  CONFIG_HEADERS  = 
  CONFIG_LINKS    = 
  CONFIG_COMMANDS = 
  $ ./config.status samples/cpp/Makefile depfiles

on fitpc

config.status:1226: creating samples/cpp/Makefile
config.status:1455: executing depfiles commands

## ---------------------- ##
## Running config.status. ##
## ---------------------- ##

This file was extended by urg config.status 0.8.18, which was
generated by GNU Autoconf 2.68.  Invocation command line was

  CONFIG_FILES    = 
  CONFIG_HEADERS  = 
  CONFIG_LINKS    = 
  CONFIG_COMMANDS = 
  $ ./config.status samples/scip_samples/Makefile depfiles

on fitpc

config.status:1226: creating samples/scip_samples/Makefile
config.status:1455: executing depfiles commands

## ---------------------- ##
## Running config.status. ##
## ---------------------- ##

This file was extended by urg config.status 0.8.18, which was
generated by GNU Autoconf 2.68.  Invocation command line was

  CONFIG_FILES    = 
  CONFIG_HEADERS  = 
  CONFIG_LINKS    = 
  CONFIG_COMMANDS = 
  $ ./config.status samples/cpp_ethernet/Makefile depfiles

on fitpc

config.status:1226: creating samples/cpp_ethernet/Makefile
config.status:1455: executing depfiles commands
