//control.ip='192.168.2.102'
<<<<<<< HEAD='4'
========'45'
>>>>>>> d4aed66a39b814ec849698fa8f4a5a8d3ee1d79b='true'
arms.maxspeed='40'
arms.minspeed='20'
body.commander.glovesAddress='tcp://${control.ip}:6689'
body.commander.neckAddress='tcp://${control.ip}:5556'
body.commander.port='5502'
body.commander.publish='tcp://*:${body.commander.port}'
body.commander.subscribers='tcp://${commander.ip}:${commander.port},tcp://${guicmdr.ip}:${guicmdr.port}'
body.ip='${centaur.ip}'
body.safety.port='5602'
body.safety.publish='tcp://*:${body.safety.port}'
body.safety.subscribe='tcp://${safety.ip}:${safety.port}'
body.servos.publish='tcp://*:5503'
body.servos.rate='40'
body.servos.subscribers='tcp://127.0.0.1:5500'
body.verbose='false'
centaur.ip='10.23.1.1'
centaur.user='user'
commander.ip='${control.ip}'
commander.port='5504'
commander.publish='tcp://*:${commander.port}'
commander.subscribers='tcp://${body.ip}:${body.commander.port}'
control.ip='10.23.3.1'
control.user='user'
detector.calibration='false'
detector.camfovx='60'
detector.camfovy='45'
detector.sleep_time='100'
detector.verbose='true'
feet.verbose='true'
fieldpc.ip='127.0.0.1'
glView.subscriber.sleep_time='25'
glView.subscriber.verbose='false'
gloves.publisher.dev_path='/dev/ttyACM0'
gloves.publisher.verbose='true'
gui.address_s='tcp://${centaur.ip}:5508'
gui.address_t='tcp://${centaur.ip}:9001'
gui.ip='${control.ip}'
gui.safety.port='5604'
gui.safety.publish='tcp://*:${gui.safety.port}'
gui.sleep_t='200'
gui.verbose='true'
guicmdr.ip='${control.ip}'
guicmdr.port='5505'
guicmdr.publish='tcp://*:${guicmdr.port}'
guicmdr.safety.port='5605'
guicmdr.safety.publish='tcp://*:${guicmdr.safety.port}'
guicmdr.subscribers='tcp://${body.ip}:${body.commander.port}'
guicmdr.verbose='true'
heartbeat.provider.address='tcp://*:9800'
heartbeat.provider.sleep_time='100'
heartbeat.provider.verbose='true'
heartbeat.requester.address='tcp://${centaur.ip}:9800'
heartbeat.requester.sleep_time='100'
heartbeat.requester.verbose='false'
ik.epsilon='1e-2'
ik.speed='4'
ik.steps='4'
leap.origin.x='0.0'
leap.origin.y='26.0'
leap.origin.z='12.0'
leap.provider.decay_time='1.0'
leap.provider.ip='${control.ip}'
leap.provider.port='9990'
leap.provider.publish='tcp://*:${leap.provider.port}'
leap.provider.subscribe='tcp://${leap.provider.ip}:${leap.provider.port}'
leap.provider.verbose='true'
leap.requester.sleep_time='10000'
leap.requester.verbose='true'
leap.scale.x='1.0'
leap.scale.y='1.0'
leap.scale.z='1.0'
leg1.ip='leg1'
leg1.touchpressure='750'
leg1.user='user'
leg1.verbose='true'
leg2.touchpressure='750'
leg3.touchpressure='750'
leg4.touchpressure='750'
legs.cutoff='1.0'
legs.maxspeed='300'
legs.minspeed='15'
lidar.provider.dev_path='/dev/ttyACM0'
lidar.provider.ip='${centaur.ip}'
lidar.provider.port='9997'
lidar.provider.publish='tcp://*:${lidar.provider.port}'
lidar.provider.sleep_time='20'
lidar.provider.subscribe='tcp://${lidar.provider.ip}:${lidar.provider.port}'
lidar.provider.verbose='false'
pcd1.dev0.pins.direction.left='2'
pcd1.dev0.pins.direction.right='4'
pcd1.dev0.pins.enable='8'
pcd1.dev0.pins.position='4'
pcd1.dev0.pins.step.left='3'
pcd1.dev0.pins.step.right='5'
pcd1.devs='1'
pcd1.ip='pcd1'
pcd1.user='user'
pcd1.verbose='true'
proxysensors.ip='${centaur.ip}'
proxysensors.port='5596'
proxysensors.publish='tcp://*:${proxysensors.port}'
proxysensors.rate='1.0'
proxysensors.subscribe='tcp://${proxysensors.ip}:${proxysensors.port}'
proxysensors.verbose='false'
proxyservos.anglerate='0.25'
proxyservos.ip='${centaur.ip}'
proxyservos.port='5599'
proxyservos.publish='tcp://*:${proxyservos.port}'
proxyservos.subscribe='tcp://${proxyservos.ip}:${proxyservos.port}'
proxyservos.temprate='0.25'
proxyservos.verbose='false'
rsync.dests='${pcd1.user}@${pcd1.ip}:grit'
rsync.parts='pcduino,setup/config.csv,setup/servomap.csv,bin'
safety.delayoff='2.5'
safety.ip='${centaur.ip}'
safety.port='5600'
safety.publish='tcp://*:${safety.port}'
safety.rate='4'
safety.rxtimeout='2.0'
safety.subscribe='tcp://${safety.ip}:${safety.port}'
safety.subscribers='tcp://${servos.ip}:${servos.safety.port},tcp://${body.ip}:${body.safety.port},tcp://${sensors.ip}:${sensors.safety.port},tcp://${guicmdr.ip}:${guicmdr.safety.port}'
safety.txtimeout='2.0'
safety.verbose='false'
sensors.dev_path='/dev/ttyUSB0'
sensors.ip='${centaur.ip}'
sensors.port='5506'
sensors.publish='tcp://*:${sensors.port}'
sensors.rate='10.0'
sensors.readtimeout='5.0'
sensors.rxpolltimeout='0.5'
sensors.rxtimeout='5.0'
sensors.safety.port='5603'
sensors.safety.publish='tcp://*:${sensors.safety.port},'
sensors.safety.subscribe='tcp://${safety.ip}:${safety.port}'
sensors.subscribe='tcp://${sensors.ip}:${sensors.port}'
sensors.txtimeout='5.0'
sensors.verbose='false'
sensorscontrol.ip='${centaur.ip}'
sensorscontrol.port='5507'
sensorscontrol.publish='tcp://*:${sensorscontrol.port}'
sensorscontrol.rate='4'
sensorscontrol.subscribe='tcp://${sensorscontrol.ip}:${sensorscontrol.port}'
servos.baudnum='8'
servos.deviceindex='1'
servos.dynamixel.rate.tx='20.0'
servos.ip='${centaur.ip}'
servos.map='servomap.csv'
servos.publish='tcp://*:${servos.publish.port}'
servos.publish.ip='${centaur.ip}'
servos.publish.port='5500'
servos.rate='40'
servos.safety.port='5601'
servos.safety.publish='tcp://*:${servos.safety.port}'
servos.safety.subscribe='tcp://${safety.ip}:${safety.port}'
servos.subscribe='tcp://${servos.publish.ip}:${servos.publish.port}'
servos.subscribers='tcp://127.0.0.1:5501,tcp://127.0.0.1:5503'
servos.type='real'
servos.verbose='false'
steppers.kd='0'
steppers.ki='0'
steppers.kp='20'
steppers.maxfrequency='40000'
steppers.minfrequency='0'
sync.files='setup/config.csv,setup/servomap.csv'
sync.ip='192.168.1.116'
sync.local='~/grit'
sync.onchange='../context restart'
sync.remote='${sync.user}@${sync.ip}:/grit'
sync.user='user'
webcam.provider.c_ip='${control.ip}'
webcam.provider.detect='false'
webcam.provider.index='0'
webcam.provider.ip='${centaur.ip}'
webcam.provider.port='9993'
webcam.provider.sleep_time='20'
webcam.provider.verbose='false'
webcam.requester.calibration='false'
webcam.requester.sleep_time='10'
webcam.requester.verbose='false'
xcentaur.ip='127.0.0.1'
xcontrol.ip='127.0.0.1'
xfieldpc.ip='10.23.1.21'
xsafety.subscribers='tcp://${servos.ip}:${servos.safety.port}'
xservos.type='fake'
ZMQHub::rxOpen(this=0x254dbc0,tcp://10.23.1.1:5596)
ZMQHub::rxOpen(this=0x253fe60,tcp://10.23.1.1:5599)
ZMQHub::rxOpen(this=0x253fe60,tcp://10.23.1.1:5599)
ZMQHub::rxOpen(this=0x253fe60,tcp://10.23.1.1:5599)
ZMQHub::rxOpen(this=0x253fe60,tcp://10.23.1.1:5599)
ZMQHub::rxOpen(this=0x253fe60,tcp://10.23.1.1:5599)
ZMQHub::rxOpen(this=0x253fe60,tcp://10.23.1.1:5599)
ZMQHub::rxOpen(this=0x253fe60,tcp://10.23.1.1:5599)
ZMQHub::rxOpen(this=0x253fe60,tcp://10.23.1.1:5599)
ZMQHub::rxOpen(this=0x253fe60,tcp://10.23.1.1:5599)
ZMQHub::rxOpen(this=0x253fe60,tcp://10.23.1.1:5599)
ZMQHub::rxOpen(this=0x253fe60,tcp://10.23.1.1:5599)
ZMQHub::rxOpen(this=0x253fe60,tcp://10.23.1.1:5599)
ZMQHub::rxOpen(this=0x253fe60,tcp://10.23.1.1:5599)
ZMQHub::rxOpen(this=0x253fe60,tcp://10.23.1.1:5599)
ZMQHub::rxOpen(this=0x253fe60,tcp://10.23.1.1:5599)
ZMQHub::rxOpen(this=0x253fe60,tcp://10.23.1.1:5599)

--done!
